0 info it worked if it ends with ok
1 verbose cli [ '/Users/gschier/.nvm/versions/node/v7.2.0/bin/node',
1 verbose cli   '/Users/gschier/.nvm/versions/node/v7.2.0/lib/node_modules/npm/bin/npm-cli.js',
1 verbose cli   'run',
1 verbose cli   'dev' ]
2 info using npm@3.10.9
3 info using node@v7.2.0
4 verbose run-script [ 'predev', 'dev', 'postdev' ]
5 info lifecycle insomnia-website@1.0.0~predev: insomnia-website@1.0.0
6 silly lifecycle insomnia-website@1.0.0~predev: no script for predev, continuing
7 info lifecycle insomnia-website@1.0.0~dev: insomnia-website@1.0.0
8 verbose lifecycle insomnia-website@1.0.0~dev: unsafe-perm in lifecycle true
9 verbose lifecycle insomnia-website@1.0.0~dev: PATH: /Users/gschier/.nvm/versions/node/v7.2.0/lib/node_modules/npm/bin/node-gyp-bin:/Users/gschier/Workspace/insomnia/website/node_modules/.bin:/Users/gschier/.nvm/versions/node/v7.2.0/bin:/Users/gschier/.nvm/versions/node/v6.5.0/bin:/usr/local/bin:/usr/bin:/bin:/usr/sbin:/sbin:/Users/gschier/.npm/bin:/Users/gschier/.android/platform-tools:/Users/gschier/Workspace/go/bin
10 verbose lifecycle insomnia-website@1.0.0~dev: CWD: /Users/gschier/Workspace/insomnia/website
11 silly lifecycle insomnia-website@1.0.0~dev: Args: [ '-c',
11 silly lifecycle   'npm run task:changelog && concurrently --kill-others "npm run dev:hugo" "npm run dev:app"' ]
12 silly lifecycle insomnia-website@1.0.0~dev: Returned: code: 1  signal: null
13 info lifecycle insomnia-website@1.0.0~dev: Failed to exec dev script
14 verbose stack Error: insomnia-website@1.0.0 dev: `npm run task:changelog && concurrently --kill-others "npm run dev:hugo" "npm run dev:app"`
14 verbose stack Exit status 1
14 verbose stack     at EventEmitter.<anonymous> (/Users/gschier/.nvm/versions/node/v7.2.0/lib/node_modules/npm/lib/utils/lifecycle.js:255:16)
14 verbose stack     at emitTwo (events.js:106:13)
14 verbose stack     at EventEmitter.emit (events.js:191:7)
14 verbose stack     at ChildProcess.<anonymous> (/Users/gschier/.nvm/versions/node/v7.2.0/lib/node_modules/npm/lib/utils/spawn.js:40:14)
14 verbose stack     at emitTwo (events.js:106:13)
14 verbose stack     at ChildProcess.emit (events.js:191:7)
14 verbose stack     at maybeClose (internal/child_process.js:885:16)
14 verbose stack     at Process.ChildProcess._handle.onexit (internal/child_process.js:226:5)
15 verbose pkgid insomnia-website@1.0.0
16 verbose cwd /Users/gschier/Workspace/insomnia/website
17 error Darwin 16.4.0
18 error argv "/Users/gschier/.nvm/versions/node/v7.2.0/bin/node" "/Users/gschier/.nvm/versions/node/v7.2.0/lib/node_modules/npm/bin/npm-cli.js" "run" "dev"
19 error node v7.2.0
20 error npm  v3.10.9
21 error code ELIFECYCLE
22 error insomnia-website@1.0.0 dev: `npm run task:changelog && concurrently --kill-others "npm run dev:hugo" "npm run dev:app"`
22 error Exit status 1
23 error Failed at the insomnia-website@1.0.0 dev script 'npm run task:changelog && concurrently --kill-others "npm run dev:hugo" "npm run dev:app"'.
23 error Make sure you have the latest version of node.js and npm installed.
23 error If you do, this is most likely a problem with the insomnia-website package,
23 error not with npm itself.
23 error Tell the author that this fails on your system:
23 error     npm run task:changelog && concurrently --kill-others "npm run dev:hugo" "npm run dev:app"
23 error You can get information on how to open an issue for this project with:
23 error     npm bugs insomnia-website
23 error Or if that isn't available, you can get their info via:
23 error     npm owner ls insomnia-website
23 error There is likely additional logging output above.
24 verbose exit [ 1, true ]
